2026/01/31 21:30:08 Loaded patrol config from /Users/matt/src/github.com/roder/stroma/mayor/daemon.json
2026/01/31 21:30:08 Daemon starting (PID 24047)
2026/01/31 21:30:08 Daemon running, recovery heartbeat interval 3m0s
2026/01/31 21:30:08 Feed curator started
2026/01/31 21:30:08 Convoy watcher started
2026/01/31 21:30:08 Shutdown in progress, skipping heartbeat
2026/01/31 21:33:08 Shutdown in progress, skipping heartbeat
2026/01/31 21:36:08 Shutdown in progress, skipping heartbeat
2026/01/31 21:39:08 Shutdown in progress, skipping heartbeat
2026/01/31 21:42:08 Shutdown in progress, skipping heartbeat
2026/01/31 21:45:08 Shutdown in progress, skipping heartbeat
2026/01/31 21:48:08 Shutdown in progress, skipping heartbeat
2026/01/31 21:51:08 Shutdown in progress, skipping heartbeat
2026/01/31 21:54:08 Shutdown in progress, skipping heartbeat
2026/01/31 21:57:08 Shutdown in progress, skipping heartbeat
2026/01/31 22:00:08 Shutdown in progress, skipping heartbeat
2026/01/31 22:03:08 Shutdown in progress, skipping heartbeat
2026/01/31 22:06:08 Shutdown in progress, skipping heartbeat
2026/01/31 22:09:08 Shutdown in progress, skipping heartbeat
2026/01/31 22:12:08 Shutdown in progress, skipping heartbeat
2026/01/31 22:15:08 Shutdown in progress, skipping heartbeat
2026/01/31 22:18:08 Shutdown in progress, skipping heartbeat
2026/01/31 22:21:08 Shutdown in progress, skipping heartbeat
2026/01/31 22:24:08 Shutdown in progress, skipping heartbeat
2026/01/31 22:27:08 Shutdown in progress, skipping heartbeat
2026/01/31 22:30:08 Shutdown in progress, skipping heartbeat
2026/01/31 22:33:08 Shutdown in progress, skipping heartbeat
2026/01/31 22:36:08 Shutdown in progress, skipping heartbeat
2026/01/31 22:39:08 Shutdown in progress, skipping heartbeat
2026/01/31 22:42:08 Shutdown in progress, skipping heartbeat
2026/01/31 22:45:08 Shutdown in progress, skipping heartbeat
2026/01/31 22:48:08 Shutdown in progress, skipping heartbeat
2026/01/31 22:51:08 Shutdown in progress, skipping heartbeat
2026/01/31 22:54:08 Shutdown in progress, skipping heartbeat
2026/01/31 22:57:08 Shutdown in progress, skipping heartbeat
2026/01/31 23:00:08 Shutdown in progress, skipping heartbeat
2026/01/31 23:03:08 Shutdown in progress, skipping heartbeat
2026/01/31 23:06:08 Shutdown in progress, skipping heartbeat
2026/01/31 23:09:08 Shutdown in progress, skipping heartbeat
2026/01/31 23:12:08 Shutdown in progress, skipping heartbeat
2026/01/31 23:15:08 Shutdown in progress, skipping heartbeat
2026/01/31 23:18:08 Shutdown in progress, skipping heartbeat
2026/01/31 23:21:08 Shutdown in progress, skipping heartbeat
2026/01/31 23:24:08 Shutdown in progress, skipping heartbeat
2026/01/31 23:27:08 Shutdown in progress, skipping heartbeat
2026/01/31 23:30:08 Shutdown in progress, skipping heartbeat
